\BOOKMARK [1][-]{section.1}{Hello\040World!\040-\040NC2P0}{}% 1
\BOOKMARK [1][-]{section.2}{Sum\040Them\040Digits\040-\040NC2P1}{}% 2
\BOOKMARK [1][-]{section.3}{Maximum\040Random\040Walk\040-\040NC2P2}{}% 3
\BOOKMARK [1][-]{section.4}{Happy\040Days\040-\040NC2P3}{}% 4
\BOOKMARK [1][-]{section.5}{Paying\040up\040-\040NC2P4}{}% 5
\BOOKMARK [1][-]{section.6}{Mixtures\040-\040NC2P5}{}% 6
\BOOKMARK [1][-]{section.7}{Cutting\040Recipes\040-\040NC2P6}{}% 7
\BOOKMARK [2][-]{subsubsection.7.0.1}{Constraints}{section.7}% 8
\BOOKMARK [1][-]{section.8}{A\040Simple\040Equation\040-\040NC2P7}{}% 9
\BOOKMARK [1][-]{section.9}{Buying\040Sweets\040-\040NC2P8}{}% 10
\BOOKMARK [1][-]{section.10}{Reversing\040directions\040-\040NC2P9}{}% 11
\BOOKMARK [1][-]{section.11}{Tautology\040-\040NC2P10}{}% 12
\BOOKMARK [1][-]{section.12}{Logging\040Game\040-\040NC2P11}{}% 13
\BOOKMARK [1][-]{section.13}{Squash\040the\040Bugs\040-\040NC2P12}{}% 14
\BOOKMARK [1][-]{section.14}{Quadratic\040Equations\040-\040NC2P13}{}% 15
\BOOKMARK [1][-]{section.15}{Some\040More\040Homework\040-\040NC2P14}{}% 16
\BOOKMARK [1][-]{section.16}{Traffic\040jam\040-\040NC2P15}{}% 17
\BOOKMARK [1][-]{section.17}{Se7en\040-\040NC2P16}{}% 18
\BOOKMARK [1][-]{section.18}{Short\040-\040NC2P17}{}% 19
\BOOKMARK [1][-]{section.19}{A\040Game\040of\040Thrones\040-\040NC2P18}{}% 20
\BOOKMARK [2][-]{subsection.19.1}{Constraints}{section.19}% 21
